<?xml version="1.0" encoding="UTF-8"?>
<testng-results ignored="0" total="8" passed="8" failed="0" skipped="0">
  <reporter-output>
  </reporter-output>
  <suite started-at="2023-10-05T13:20:19 IST" name="Default suite" finished-at="2023-10-05T13:21:09 IST" duration-ms="50066">
    <groups>
    </groups>
    <test started-at="2023-10-05T13:20:19 IST" name="Default test" finished-at="2023-10-05T13:21:09 IST" duration-ms="50066">
      <class name="Uncodemy.Demo_EcomWebsite.DemoCart">
        <test-method is-config="true" signature="Pre_Req()[pri:0, instance:Uncodemy.Demo_EcomWebsite.DemoCart@73a1e9a9]" started-at="2023-10-05T13:20:19 IST" name="Pre_Req" finished-at="2023-10-05T13:20:30 IST" duration-ms="11322" status="PASS">
          <reporter-output>
          </reporter-output>
        </test-method> <!-- Pre_Req -->
        <test-method signature="Validation()[pri:1, instance:Uncodemy.Demo_EcomWebsite.DemoCart@73a1e9a9]" started-at="2023-10-05T13:20:30 IST" name="Validation" finished-at="2023-10-05T13:20:30 IST" duration-ms="92" status="PASS">
          <reporter-output>
          </reporter-output>
        </test-method> <!-- Validation -->
        <test-method signature="ThirdTestCase()[pri:2, instance:Uncodemy.Demo_EcomWebsite.DemoCart@73a1e9a9]" started-at="2023-10-05T13:20:30 IST" name="ThirdTestCase" finished-at="2023-10-05T13:20:39 IST" duration-ms="8286" status="PASS">
          <reporter-output>
          </reporter-output>
        </test-method> <!-- ThirdTestCase -->
        <test-method signature="SecondTestCase()[pri:3, instance:Uncodemy.Demo_EcomWebsite.DemoCart@73a1e9a9]" started-at="2023-10-05T13:20:39 IST" name="SecondTestCase" finished-at="2023-10-05T13:20:42 IST" duration-ms="3491" status="PASS">
          <reporter-output>
          </reporter-output>
        </test-method> <!-- SecondTestCase -->
        <test-method signature="FourthTetCase()[pri:4, instance:Uncodemy.Demo_EcomWebsite.DemoCart@73a1e9a9]" started-at="2023-10-05T13:20:42 IST" name="FourthTetCase" finished-at="2023-10-05T13:20:59 IST" duration-ms="16767" status="PASS">
          <reporter-output>
          </reporter-output>
        </test-method> <!-- FourthTetCase -->
        <test-method signature="FifthTestCase()[pri:5, instance:Uncodemy.Demo_EcomWebsite.DemoCart@73a1e9a9]" started-at="2023-10-05T13:20:59 IST" name="FifthTestCase" finished-at="2023-10-05T13:21:01 IST" duration-ms="2089" status="PASS">
          <reporter-output>
          </reporter-output>
        </test-method> <!-- FifthTestCase -->
        <test-method signature="SixthTestCase()[pri:6, instance:Uncodemy.Demo_EcomWebsite.DemoCart@73a1e9a9]" started-at="2023-10-05T13:21:01 IST" name="SixthTestCase" finished-at="2023-10-05T13:21:02 IST" duration-ms="781" status="PASS">
          <reporter-output>
          </reporter-output>
        </test-method> <!-- SixthTestCase -->
        <test-method signature="SeventhTestCase()[pri:7, instance:Uncodemy.Demo_EcomWebsite.DemoCart@73a1e9a9]" started-at="2023-10-05T13:21:02 IST" name="SeventhTestCase" finished-at="2023-10-05T13:21:05 IST" duration-ms="3177" status="PASS">
          <reporter-output>
          </reporter-output>
        </test-method> <!-- SeventhTestCase -->
        <test-method signature="EightTestCase()[pri:8, instance:Uncodemy.Demo_EcomWebsite.DemoCart@73a1e9a9]" started-at="2023-10-05T13:21:05 IST" name="EightTestCase" finished-at="2023-10-05T13:21:09 IST" duration-ms="3939" status="PASS">
          <reporter-output>
          </reporter-output>
        </test-method> <!-- EightTestCase -->
      </class> <!-- Uncodemy.Demo_EcomWebsite.DemoCart -->
    </test> <!-- Default test -->
  </suite> <!-- Default suite -->
</testng-results>
